Arguments: 
  /home/gurkirtan/.nvm/versions/node/v14.18.1/bin/node /usr/local/bin/yarn add node:readline/promises

PATH: 
  /home/gurkirtan/.nvm/versions/node/v14.18.1/bin:/home/gurkirtan/.local/bin:/usr/local/sbin:/usr/local/bin:/usr/sbin:/usr/bin:/sbin:/bin:/usr/games:/usr/local/games:/snap/bin:/usr/local/go/bin

Yarn version: 
  1.22.17

Node version: 
  14.18.1

Platform: 
  linux x64

Trace: 
  Error: node:readline%2fpromises: Invalid protocol: node:
      at Request.module.exports.Request.init (/usr/local/lib/node_modules/yarn/lib/cli.js:141152:31)
      at new Request (/usr/local/lib/node_modules/yarn/lib/cli.js:140825:8)
      at request (/usr/local/lib/node_modules/yarn/lib/cli.js:137731:10)
      at RequestManager.execute (/usr/local/lib/node_modules/yarn/lib/cli.js:67081:15)
      at RequestManager.shiftQueue (/usr/local/lib/node_modules/yarn/lib/cli.js:67119:10)
      at /usr/local/lib/node_modules/yarn/lib/cli.js:66788:13
      at new Promise (<anonymous>)
      at new F (/usr/local/lib/node_modules/yarn/lib/cli.js:5301:28)
      at RequestManager.request (/usr/local/lib/node_modules/yarn/lib/cli.js:66786:19)
      at NpmRegistry.<anonymous> (/usr/local/lib/node_modules/yarn/lib/cli.js:31747:42)

npm manifest: 
  {
    "name": "client",
    "version": "1.0.0",
    "description": "",
    "main": "index.js",
    "type": "module",
    "scripts": {
      "test": "echo \"Error: no test specified\" && exit 1",
      "start": "node index.js",
      "start:dev": "nodemon index.js"
    },
    "author": "",
    "license": "ISC",
    "dependencies": {
      "axios": "^0.24.0",
      "process": "^0.11.10",
      "readline": "^1.3.0",
      "ws": "^8.3.0"
    }
  }

yarn manifest: 
  No manifest

Lockfile: 
  # THIS IS AN AUTOGENERATED FILE. DO NOT EDIT THIS FILE DIRECTLY.
  # yarn lockfile v1
  
  
  axios@^0.24.0:
    version "0.24.0"
    resolved "https://registry.yarnpkg.com/axios/-/axios-0.24.0.tgz#804e6fa1e4b9c5288501dd9dff56a7a0940d20d6"
    integrity sha512-Q6cWsys88HoPgAaFAVUb0WpPk0O8iTeisR9IMqy9G8AbO4NlpVknrnQS03zzF9PGAWgO3cgletO3VjV/P7VztA==
    dependencies:
      follow-redirects "^1.14.4"
  
  follow-redirects@^1.14.4:
    version "1.14.5"
    resolved "https://registry.yarnpkg.com/follow-redirects/-/follow-redirects-1.14.5.tgz#f09a5848981d3c772b5392309778523f8d85c381"
    integrity sha512-wtphSXy7d4/OR+MvIFbCVBDzZ5520qV8XfPklSN5QtxuMUJZ+b0Wnst1e1lCDocfzuCkHqj8k0FpZqO+UIaKNA==
  
  process@^0.11.10:
    version "0.11.10"
    resolved "https://registry.yarnpkg.com/process/-/process-0.11.10.tgz#7332300e840161bda3e69a1d1d91a7d4bc16f182"
    integrity sha1-czIwDoQBYb2j5podHZGn1LwW8YI=
  
  readline@^1.3.0:
    version "1.3.0"
    resolved "https://registry.yarnpkg.com/readline/-/readline-1.3.0.tgz#c580d77ef2cfc8752b132498060dc9793a7ac01c"
    integrity sha1-xYDXfvLPyHUrEySYBg3JeTp6wBw=
  
  ws@^8.3.0:
    version "8.3.0"
    resolved "https://registry.yarnpkg.com/ws/-/ws-8.3.0.tgz#7185e252c8973a60d57170175ff55fdbd116070d"
    integrity sha512-Gs5EZtpqZzLvmIM59w4igITU57lrtYVFneaa434VROv4thzJyV6UjIL3D42lslWlI+D4KzLYnxSwtfuiO79sNw==
